TN:
SF:src\app.js
FN:41,(anonymous_0)
FN:53,(anonymous_1)
FNF:2
FNH:0
FNDA:0,(anonymous_0)
FNDA:0,(anonymous_1)
DA:1,2
DA:2,2
DA:3,2
DA:4,2
DA:6,2
DA:7,2
DA:12,2
DA:13,2
DA:17,2
DA:18,2
DA:23,2
DA:26,2
DA:29,2
DA:32,2
DA:35,2
DA:38,2
DA:41,2
DA:42,0
DA:53,2
DA:54,0
DA:55,0
DA:56,0
DA:57,0
DA:59,0
DA:68,2
LF:25
LH:19
BRDA:54,0,0,0
BRDA:54,0,1,0
BRDA:55,1,0,0
BRDA:55,1,1,0
BRDA:56,2,0,0
BRDA:56,2,1,0
BRF:6
BRH:0
end_of_record
TN:
SF:src\logger.js
FNF:0
FNH:0
DA:4,2
DA:7,2
DA:9,0
DA:19,2
LF:4
LH:3
BRDA:4,0,0,2
BRDA:4,0,1,0
BRDA:7,1,0,0
BRDA:7,1,1,2
BRF:4
BRH:2
end_of_record
TN:
SF:src\response.js
FN:11,(anonymous_0)
FN:31,(anonymous_1)
FNF:2
FNH:2
FNDA:2,(anonymous_0)
FNDA:1,(anonymous_1)
DA:11,1
DA:12,2
DA:31,1
DA:32,1
LF:4
LH:4
BRF:0
BRH:0
end_of_record
TN:
SF:src\auth\basic-auth.js
FN:15,(anonymous_0)
FN:24,(anonymous_1)
FNF:2
FNH:2
FNDA:4,(anonymous_0)
FNDA:2,(anonymous_1)
DA:6,2
DA:7,2
DA:8,2
DA:11,2
DA:12,0
DA:15,2
DA:18,4
DA:24,2
LF:8
LH:7
BRDA:11,0,0,0
BRDA:11,0,1,2
BRF:2
BRH:1
end_of_record
TN:
SF:src\auth\index.js
FNF:0
FNH:0
DA:4,2
DA:5,0
DA:8,2
DA:9,2
DA:13,0
LF:5
LH:3
BRDA:4,0,0,0
BRDA:4,0,1,2
BRDA:4,1,0,2
BRDA:4,1,1,0
BRDA:8,2,0,2
BRDA:8,2,1,0
BRDA:8,3,0,2
BRDA:8,3,1,2
BRF:8
BRH:5
end_of_record
TN:
SF:src\routes\index.js
FN:22,(anonymous_0)
FNF:1
FNH:1
FNDA:4,(anonymous_0)
DA:3,2
DA:5,2
DA:8,2
DA:11,2
DA:16,2
DA:22,2
DA:24,4
DA:26,4
DA:35,2
LF:9
LH:9
BRF:0
BRH:0
end_of_record
TN:
SF:src\routes\api\get.js
FN:4,(anonymous_0)
FNF:1
FNH:1
FNDA:1,(anonymous_0)
DA:4,2
DA:6,1
LF:2
LH:2
BRF:0
BRH:0
end_of_record
TN:
SF:src\routes\api\index.js
FNF:0
FNH:0
DA:6,2
DA:9,2
DA:12,2
DA:15,2
LF:4
LH:4
BRF:0
BRH:0
end_of_record
